<?xml version="1.0" encoding="UTF-8"?>
<!-- Generated by org.testng.reporters.JUnitReportReporter -->
<testsuite hostname="DESKTOP-7IL8GUR" failures="0" tests="2" name="Tests.DashboardTest" time="68.424" errors="0" timestamp="2025-04-23T20:01:24 IST" skipped="0">
  <testcase classname="Tests.DashboardTest" name="Login" time="41.613"/>
  <testcase classname="Tests.DashboardTest" name="QuickLaunch_Assert" time="26.811"/>
</testsuite> <!-- Tests.DashboardTest -->
