<?xml version="1.0" encoding="UTF-8"?>
<!-- Generated by org.testng.reporters.JUnitReportReporter -->
<testsuite hostname="Sevvelkarans-MacBook-Air.local" failures="0" tests="4" name="Tests.LoginTest" time="52.866" errors="0" timestamp="2025-04-22T22:15:04 IST" skipped="0">
  <testcase classname="Tests.LoginTest" name="Ltest" time="17.024"/>
  <testcase classname="Tests.LoginTest" name="Invalid" time="13.313"/>
  <testcase classname="Tests.LoginTest" name="empty" time="10.559"/>
  <testcase classname="Tests.LoginTest" name="ForgotPass" time="11.970"/>
</testsuite> <!-- Tests.LoginTest -->
