<?xml version="1.0" encoding="UTF-8"?>
<!-- Generated by org.testng.reporters.JUnitReportReporter -->
<testsuite hostname="DESKTOP-7IL8GUR" failures="0" tests="4" name="Tests.LoginTest" time="86.805" errors="0" timestamp="2025-04-23T20:01:24 IST" skipped="0">
  <testcase classname="Tests.LoginTest" name="Ltest" time="22.901"/>
  <testcase classname="Tests.LoginTest" name="Invalid" time="22.147"/>
  <testcase classname="Tests.LoginTest" name="empty" time="21.680"/>
  <testcase classname="Tests.LoginTest" name="ForgotPass" time="20.077"/>
</testsuite> <!-- Tests.LoginTest -->
