<?xml version="1.0" encoding="UTF-8"?>
<!-- Generated by org.testng.reporters.JUnitReportReporter -->
<testsuite hostname="DESKTOP-7IL8GUR" failures="0" tests="3" name="Tests.PIMtest" time="176.991" errors="0" timestamp="2025-04-23T20:01:24 IST" skipped="0">
  <testcase classname="Tests.PIMtest" name="Addemployee" time="48.756"/>
  <testcase classname="Tests.PIMtest" name="Addsupervisor" time="81.505"/>
  <testcase classname="Tests.PIMtest" name="search" time="46.730"/>
</testsuite> <!-- Tests.PIMtest -->
